<?xml version="1.0" encoding="UTF-8"?>
<!-- Generated by org.testng.reporters.JUnitReportReporter -->
<testsuite hostname="LAPTOP-S3J5IJ2U" failures="0" tests="2" name="Test.VerifyActiTimeHeader" time="15.069" errors="0" timestamp="2022-01-27T10:46:21 IST" skipped="0">
  <testcase classname="Test.VerifyActiTimeHeader" name="verifyUserTab" time="4.587"/>
  <system-out/>
  <testcase classname="Test.VerifyActiTimeHeader" name="toVerifyReportTab" time="10.482"/>
  <system-out/>
</testsuite> <!-- Test.VerifyActiTimeHeader -->
